2021-12-13 19:24:42,447 main INFO:FileName :-divi.csv Record :- 1.0  Value 1 :- 2 Value 2 :- 5  Operation :- /  RESULT :- 2.5
2021-12-13 19:24:42,448 main INFO:FileName :-divi.csv Record :- 2.0  Value 1 :- 100 Value 2 :- 25  Operation :- /  RESULT :- 0.25
2021-12-13 19:24:42,448 main INFO:FileName :-divi.csv Record :- 3.0  Value 1 :- 30 Value 2 :- 60  Operation :- /  RESULT :- 2.0
2021-12-13 19:24:42,448 main INFO:FileName :-divi.csv Record :- 4.0  Value 1 :- 40 Value 2 :- 50  Operation :- /  RESULT :- 1.25
2021-12-13 19:24:42,449 main INFO:FileName :-divi.csv Record :- 5.0  Value 1 :- 70 Value 2 :- 80  Operation :- /  RESULT :- 1.1428571428571428
2021-12-13 19:24:42,449 main INFO:FileName :-divi.csv Record :- 6.0  Value 1 :- 90 Value 2 :- 100  Operation :- /  RESULT :- 1.1111111111111112
2021-12-13 19:24:42,450 main INFO:FileName :-divi.csv Record :- 7.0  Value 1 :- 15 Value 2 :- 15  Operation :- /  RESULT :- 1.0
2021-12-13 19:24:42,450 main INFO:FileName :-divi.csv Record :- 8.0  Value 1 :- 5 Value 2 :- 11  Operation :- /  RESULT :- 2.2
2021-12-13 19:24:42,451 main INFO:FileName :-divi.csv Record :- 9.0  Value 1 :- 5 Value 2 :- 0  Operation :- /  RESULT :- 0.0
2021-12-13 19:24:42,451 main WARNING:FileName :-divi.csv Record :- 10.0 Message :- Incorect Values 6,/,
2021-12-13 19:24:42,455 main INFO:FileName :-add.csv Record :- 1  Value 1 :- 2 Value 2 :- 5  Operation :- +  RESULT :- 7
2021-12-13 19:24:42,455 main INFO:FileName :-add.csv Record :- 2  Value 1 :- 100 Value 2 :- 25  Operation :- +  RESULT :- 125
2021-12-13 19:24:42,456 main INFO:FileName :-add.csv Record :- 3  Value 1 :- 30 Value 2 :- 60  Operation :- +  RESULT :- 90
2021-12-13 19:24:42,456 main INFO:FileName :-add.csv Record :- 4  Value 1 :- 40 Value 2 :- 50  Operation :- +  RESULT :- 90
2021-12-13 19:24:42,457 main INFO:FileName :-add.csv Record :- 5  Value 1 :- 70 Value 2 :- 80  Operation :- +  RESULT :- 150
2021-12-13 19:24:42,457 main INFO:FileName :-add.csv Record :- 6  Value 1 :- 90 Value 2 :- 100  Operation :- +  RESULT :- 190
2021-12-13 19:24:42,457 main INFO:FileName :-add.csv Record :- 7  Value 1 :- 15 Value 2 :- 15  Operation :- +  RESULT :- 30
2021-12-13 19:24:42,458 main INFO:FileName :-add.csv Record :- 8  Value 1 :- 5 Value 2 :- 11  Operation :- +  RESULT :- 16
2021-12-13 19:24:42,458 main WARNING:FileName :-add.csv Record :- 9 Message :- Incorect Values 1,2,
2021-12-13 19:24:42,461 main INFO:FileName :-multi.csv Record :- 1  Value 1 :- 2 Value 2 :- 5  Operation :- *  RESULT :- 10
2021-12-13 19:24:42,462 main INFO:FileName :-multi.csv Record :- 2  Value 1 :- 100 Value 2 :- 25  Operation :- *  RESULT :- 2500
2021-12-13 19:24:42,462 main INFO:FileName :-multi.csv Record :- 3  Value 1 :- 30 Value 2 :- 60  Operation :- *  RESULT :- 1800
2021-12-13 19:24:42,462 main INFO:FileName :-multi.csv Record :- 4  Value 1 :- 40 Value 2 :- 50  Operation :- *  RESULT :- 2000
2021-12-13 19:24:42,463 main INFO:FileName :-multi.csv Record :- 5  Value 1 :- 70 Value 2 :- 80  Operation :- *  RESULT :- 5600
2021-12-13 19:24:42,463 main INFO:FileName :-multi.csv Record :- 6  Value 1 :- 90 Value 2 :- 100  Operation :- *  RESULT :- 9000
2021-12-13 19:24:42,463 main INFO:FileName :-multi.csv Record :- 7  Value 1 :- 15 Value 2 :- 15  Operation :- *  RESULT :- 225
2021-12-13 19:24:42,464 main INFO:FileName :-multi.csv Record :- 8  Value 1 :- 5 Value 2 :- 11  Operation :- *  RESULT :- 55
2021-12-13 19:24:42,464 main WARNING:FileName :-multi.csv Record :- 9 Message :- Incorect Values 0,10,
2021-12-13 19:24:42,466 main INFO:FileName :-sub.csv Record :- 1  Value 1 :- 2 Value 2 :- 5  Operation :- -  RESULT :- -3
2021-12-13 19:24:42,466 main INFO:FileName :-sub.csv Record :- 2  Value 1 :- 100 Value 2 :- 25  Operation :- -  RESULT :- 75
2021-12-13 19:24:42,467 main INFO:FileName :-sub.csv Record :- 3  Value 1 :- 30 Value 2 :- 60  Operation :- -  RESULT :- -30
2021-12-13 19:24:42,467 main INFO:FileName :-sub.csv Record :- 4  Value 1 :- 40 Value 2 :- 50  Operation :- -  RESULT :- -10
2021-12-13 19:24:42,468 main INFO:FileName :-sub.csv Record :- 5  Value 1 :- 70 Value 2 :- 80  Operation :- -  RESULT :- -10
2021-12-13 19:24:42,468 main INFO:FileName :-sub.csv Record :- 6  Value 1 :- 90 Value 2 :- 100  Operation :- -  RESULT :- -10
2021-12-13 19:24:42,468 main INFO:FileName :-sub.csv Record :- 7  Value 1 :- 15 Value 2 :- 15  Operation :- -  RESULT :- 0
2021-12-13 19:24:42,469 main INFO:FileName :-sub.csv Record :- 8  Value 1 :- 5 Value 2 :- 11  Operation :- -  RESULT :- -6
